<?xml version="1.0" encoding="UTF-8"?>
<!-- Generated by org.testng.reporters.JUnitReportReporter -->
<testsuite hostname="DESKTOP-GPOJRS9" failures="0" tests="3" name="com.Ecommerce.instaSnap.ProductTest.VerifyKidsProduct" time="0.020" errors="0" timestamp="2024-11-07T16:20:32 IST" skipped="0">
  <testcase classname="com.Ecommerce.instaSnap.ProductTest.VerifyKidsProduct" name="createProduct" time="0.004"/>
  <system-out>
    <![CDATA[Kids Product Created]]>
  </system-out>
  <testcase classname="com.Ecommerce.instaSnap.ProductTest.VerifyKidsProduct" name="updateProduct" time="0.011"/>
  <system-out>
    <![CDATA[Kids Product Updated]]>
  </system-out>
  <testcase classname="com.Ecommerce.instaSnap.ProductTest.VerifyKidsProduct" name="updateProduct" time="0.005"/>
  <system-out>
    <![CDATA[Kids Product Updated]]>
  </system-out>
</testsuite> <!-- com.Ecommerce.instaSnap.ProductTest.VerifyKidsProduct -->
